C51 COMPILER V9.53.0.0   EMPTYPROJECT_MAIN                                                 07/16/2019 14:28:11 PAGE 1   


C51 COMPILER V9.53.0.0, COMPILATION OF MODULE EMPTYPROJECT_MAIN
OBJECT MODULE PLACED IN .\src\emptyProject_main.OBJ
COMPILER INVOKED BY: c:\SiliconLabs\SimplicityStudio\v3\developer\toolchains\keil_8051\9.53\BIN\C51.exe D:\Work Project\
                    -SingleChipWorkSpaveNew\C51_UBOOT\src\emptyProject_main.c OMF2 LARGE DEBUG OBJECTEXTEND ROM(LARGE) WARNINGLEVEL(2) FLOATF
                    -UZZY(3) OPTIMIZE(8,SPEED) DEFINE(DEBUG=1) INTVECTOR(0X0000) INTPROMOTE INCDIR(C:/SiliconLabs/SimplicityStudio/v3/develop
                    -er/sdks/si8051/v3//Device/shared/si8051Base;C:/SiliconLabs/SimplicityStudio/v3/developer/sdks/si8051/v3//Device/EFM8LB1;
                    -C:/SiliconLabs/SimplicityStudio/v3/developer/sdks/si8051/v3//Device/EFM8LB1/inc) PRINT(.\src\emptyProject_main.lst) COND
                    - PAGEWIDTH(120) PAGELENGTH(65) OBJECT(.\src\emptyProject_main.OBJ)

line level    source

   1          
   2          //-----------------------------------------------------------------------------
   3          // Includes
   4          //-----------------------------------------------------------------------------
   5          #include <SI_EFM8LB1_Register_Enums.h>                // SFR declarations
   6          #include "Efm8lb12_timer.h"
   7          #include "lib_c51_uart.h"
   8          #include "Efm8lb12_port.h"
   9          #include "Efm8lb12_timer.h"
  10          #include "Efm8lb12_cmd.h"
  11          #include "Efm8lb12_smbus.h"
  12          
  13          //-----------------------------------------------------------------------------
  14          // main() Routine
  15          // ----------------------------------------------------------------------------
  16          //
  17          // Note: the software watchdog timer is not disabled by default in this
  18          // example, so a long-running program will reset periodically unless
  19          // the timer is disabled or your program periodically writes to it.
  20          //
  21          // Review the "Watchdog Timer" section under the part family's datasheet
  22          // for details. To find the datasheet, select your part in the
  23          // Simplicity Launcher and click on "Data Sheet".
  24          //
  25          //-----------------------------------------------------------------------------
  26          static void mcu_sysclk_init (void)
  27          {
  28   1              uint8_t SFRPAGE_SAVE = SFRPAGE;
  29   1              // $[HFOSC1 Setup]
  30   1              // Ensure SYSCLK is > 24 MHz before switching to HFOSC1
  31   1      
  32   1              //if SYSCLK > 50MHZ,must set PFE0CN register
  33   1              SFRPAGE = 0x10;
  34   1              PFE0CN = PFE0CN_FLRT__SYSCLK_BELOW_75_MHZ ;
  35   1      
  36   1              SFRPAGE = 0x00;
  37   1              CLKSEL = CLKSEL_CLKSL__HFOSC0 | CLKSEL_CLKDIV__SYSCLK_DIV_1;
  38   1              CLKSEL = CLKSEL_CLKSL__HFOSC0 | CLKSEL_CLKDIV__SYSCLK_DIV_1;
  39   1              while (CLKSEL & CLKSEL_DIVRDY__BMASK == CLKSEL_DIVRDY__NOT_READY);
  40   1      
  41   1              CLKSEL = CLKSEL_CLKSL__HFOSC1 | CLKSEL_CLKDIV__SYSCLK_DIV_1;
  42   1              CLKSEL = CLKSEL_CLKSL__HFOSC1 | CLKSEL_CLKDIV__SYSCLK_DIV_1;
  43   1              while (CLKSEL & CLKSEL_DIVRDY__BMASK == CLKSEL_DIVRDY__NOT_READY);
  44   1              SFRPAGE  = SFRPAGE_SAVE;
  45   1      }
  46          
  47          
  48          int main (void)
  49          {
  50   1              IE_EA = 0;                       //Disable global interrupts
  51   1      
C51 COMPILER V9.53.0.0   EMPTYPROJECT_MAIN                                                 07/16/2019 14:28:11 PAGE 2   

  52   1              WDT_disable();                   //Disable WatchDog
  53   1      
  54   1              WDT_init(7);                     //Set WatchDog timer to 7s
  55   1      
  56   1              mcu_sysclk_init();       //Sysclk Init
  57   1      
  58   1              port_init();                     //Port Init
  59   1      
  60   1              Timer_init();                    //Init Timer
  61   1      
  62   1              //CLI_info_init();         //Init CLI
  63   1      
  64   1              UART0_init();                    //Init uart
  65   1      
  66   1              smb_init();                              //Smb Init
  67   1      
  68   1              cmd_init();
  69   1      
  70   1              //port_match_init();             //Port Match Init
  71   1      
  72   1              IE_EA = 1;                      //Enable global interrupts
  73   1      
  74   1      
  75   1              printf("%s","\r\nPeripheral init OK");
  76   1      
  77   1      
  78   1              printf("%s","\r\nTestBoard is ready");
  79   1              printf("%s","\r\n#McuTestBoard:");
  80   1      
  81   1      
  82   1              while(1)
  83   1              {
  84   2                      UART0_event_handle();
  85   2              }
  86   1      }


MODULE INFORMATION:   STATIC OVERLAYABLE
   CODE SIZE        =    128    ----
   CONSTANT SIZE    =     62    ----
   XDATA SIZE       =   ----    ----
   PDATA SIZE       =   ----    ----
   DATA SIZE        =   ----    ----
   IDATA SIZE       =   ----    ----
   BIT SIZE         =   ----    ----
   EDATA SIZE       =   ----    ----
   HDATA SIZE       =   ----    ----
   XDATA CONST SIZE =   ----    ----
   FAR CONST SIZE   =   ----    ----
END OF MODULE INFORMATION.


C51 COMPILATION COMPLETE.  0 WARNING(S),  0 ERROR(S)
