C51 COMPILER V9.53.0.0   DAC_3                                                             10/14/2019 10:20:48 PAGE 1   


C51 COMPILER V9.53.0.0, COMPILATION OF MODULE DAC_3
OBJECT MODULE PLACED IN .\lib\efm8lb1\peripheralDrivers\src\dac_3.OBJ
COMPILER INVOKED BY: c:\SiliconLabs\SimplicityStudio\v3\developer\toolchains\keil_8051\9.53\BIN\C51.exe D:\Work Project\
                    -SingleChipWorkSpaveNew\C51_UBOOT\lib\efm8lb1\peripheralDrivers\src\dac_3.c OMF2 LARGE DEBUG OBJECTEXTEND ROM(LARGE) WARN
                    -INGLEVEL(2) FLOATFUZZY(3) OPTIMIZE(8,SPEED) DEFINE(DEBUG=1) INTVECTOR(0X0000) INTPROMOTE INCDIR(D:/Work Project/SingleCh
                    -ipWorkSpaveNew/C51_UBOOT/inc;D:/Work Project/SingleChipWorkSpaveNew/C51_UBOOT/mcu_sal_lib;C:/SiliconLabs/SimplicityStudi
                    -o/v3/developer/sdks/si8051/v3//Device/shared/si8051Base;C:/SiliconLabs/SimplicityStudio/v3/developer/sdks/si8051/v3//Dev
                    -ice/EFM8LB1/inc;C:/SiliconLabs/SimplicityStudio/v3/developer/sdks/si8051/v3//Lib/efm8_assert;C:/SiliconLabs/SimplicitySt
                    -udio/v3/developer/sdks/si8051/v3//Lib/efm8lb1;C:/SiliconLabs/SimplicityStudio/v3/developer/sdks/si8051/v3//Device/EFM8LB
                    -1;C:/SiliconLabs/SimplicityStudio/v3/developer/sdks/si8051/v3//Device/EFM8LB1/peripheral_driver/inc) PRINT(.\lib\efm8lb1
                    -\peripheralDrivers\src\dac_3.lst) COND PAGEWIDTH(120) PAGELENGTH(65) OBJECT(.\lib\efm8lb1\peripheralDrivers\src\dac_3.OB
                    -J)

line level    source

   1          /**************************************************************************//**
   2           * Copyright (c) 2015 by Silicon Laboratories Inc. All rights reserved.
   3           *
   4           * http://developer.silabs.com/legal/version/v11/Silicon_Labs_Software_License_Agreement.txt
   5           *****************************************************************************/
   6          
   7          #include "dac_3.h"
   8          
   9          #if EFM8PDL_DAC3_AUTO_PAGE == 1
  10          // declare variable needed for autopage enter/exit
  11          #define DECL_PAGE uint8_t savedPage
  12          // enter autopage section
  13          #define SET_PAGE(p)     do                                                    \
  14                                  {                                                     \
  15                                    savedPage = SFRPAGE;  /* save current SFR page */   \
  16                                    SFRPAGE = (p);        /* set SFR page */            \
  17                                  } while(0)
  18          // exit autopage section
  19          #define RESTORE_PAGE    do                                                    \
  20                                  {                                                     \
  21                                    SFRPAGE = savedPage;  /* restore saved SFR page */  \
  22                                  } while(0)
  23          #else
              #define DECL_PAGE
              #define SET_PAGE(p)
              #define RESTORE_PAGE
              #endif
  28          
  29          #define SFRPAGE_DAC3 (0x30)
  30          
  31          #if EFM8PDL_DAC3_USE_INIT == 1
  32          void DAC3_init(DAC3_UpdateTrigger_t trigger)
  33          {
  34   1        DECL_PAGE;
  35   1        SET_PAGE(SFRPAGE_DAC3);
  36   1      
  37   1         // DAC2/3 VREF == VDD
  38   1        DACGCF0_D23REFSL = 1;
  39   1      
  40   1        // DAC2/3 VREF Buffer Attenuation / Gain = 2.0/2.0
  41   1        DACGCF2 = (DACGCF2 & ~DACGCF2_D23REFGN__FMASK) | DACGCF2_D23REFGN__ATTEN_2P0;
  42   1        DAC3CF0 = trigger;
  43   1        DAC3CF1 = DAC3CF1_DRVGAIN__GAIN_2P0;
  44   1      
  45   1        DAC3_holdOutput(false);
  46   1        DAC3_enable();
  47   1        RESTORE_PAGE;
C51 COMPILER V9.53.0.0   DAC_3                                                             10/14/2019 10:20:48 PAGE 2   

  48   1      }
  49          #endif
  50          
  51          void DAC3_enable(void)
  52          {
  53   1        DECL_PAGE;
  54   1        SET_PAGE(SFRPAGE_DAC3);
  55   1        DAC3CF0 |=  DAC3CF0_EN__ENABLE;
  56   1        RESTORE_PAGE;
  57   1      }
  58          
  59          void DAC3_disable(void)
  60          {
  61   1        DECL_PAGE;
  62   1        SET_PAGE(SFRPAGE_DAC3);
  63   1        DAC3CF0 &= ~DAC3CF0_EN__BMASK;
  64   1        RESTORE_PAGE;
  65   1      }
  66          
  67          void DAC3_setOutput(uint16_t value)
  68          {
  69   1        DECL_PAGE;
  70   1        SET_PAGE(SFRPAGE_DAC3);
  71   1        // MUST load DAC3L first!
  72   1        DAC3L = value & 0xFF;
  73   1        DAC3H = value >> 8;
  74   1        RESTORE_PAGE;
  75   1      }
  76          
  77          void DAC3_holdOutput(bool hold)
  78          {
  79   1        DECL_PAGE;
  80   1        SET_PAGE(SFRPAGE_DAC3);
  81   1        DACGCF1_D3UDIS = hold;
  82   1        RESTORE_PAGE;
  83   1      }
  84          
  85          uint16_t DAC3_getOutput(void)
  86          {
  87   1        uint16_t value;
  88   1        DECL_PAGE;
  89   1        SET_PAGE(SFRPAGE_DAC3);
  90   1        value = (DAC3H <<8) | (DAC3L & 0xFF);
  91   1        RESTORE_PAGE;
  92   1        return value;
  93   1      }


MODULE INFORMATION:   STATIC OVERLAYABLE
   CODE SIZE        =    101    ----
   CONSTANT SIZE    =   ----    ----
   XDATA SIZE       =   ----       1
   PDATA SIZE       =   ----    ----
   DATA SIZE        =   ----    ----
   IDATA SIZE       =   ----    ----
   BIT SIZE         =   ----       1
   EDATA SIZE       =   ----    ----
   HDATA SIZE       =   ----    ----
   XDATA CONST SIZE =   ----    ----
   FAR CONST SIZE   =   ----    ----
END OF MODULE INFORMATION.


C51 COMPILATION COMPLETE.  0 WARNING(S),  0 ERROR(S)
