C51 COMPILER V9.53.0.0   MCU_SAL_LOG                                                       10/14/2019 10:20:37 PAGE 1   


C51 COMPILER V9.53.0.0, COMPILATION OF MODULE MCU_SAL_LOG
OBJECT MODULE PLACED IN .\mcu_sal_lib\mcu_sal_log.OBJ
COMPILER INVOKED BY: c:\SiliconLabs\SimplicityStudio\v3\developer\toolchains\keil_8051\9.53\BIN\C51.exe D:\Work Project\
                    -SingleChipWorkSpaveNew\C51_UBOOT\mcu_sal_lib\mcu_sal_log.c OMF2 LARGE DEBUG OBJECTEXTEND ROM(LARGE) WARNINGLEVEL(2) FLOA
                    -TFUZZY(3) OPTIMIZE(8,SPEED) DEFINE(DEBUG=1) INTVECTOR(0X0000) INTPROMOTE INCDIR(D:/Work Project/SingleChipWorkSpaveNew/C
                    -51_UBOOT/inc;D:/Work Project/SingleChipWorkSpaveNew/C51_UBOOT/mcu_sal_lib;C:/SiliconLabs/SimplicityStudio/v3/developer/s
                    -dks/si8051/v3//Device/shared/si8051Base;C:/SiliconLabs/SimplicityStudio/v3/developer/sdks/si8051/v3//Device/EFM8LB1/inc;
                    -C:/SiliconLabs/SimplicityStudio/v3/developer/sdks/si8051/v3//Lib/efm8_assert;C:/SiliconLabs/SimplicityStudio/v3/develope
                    -r/sdks/si8051/v3//Lib/efm8lb1;C:/SiliconLabs/SimplicityStudio/v3/developer/sdks/si8051/v3//Device/EFM8LB1;C:/SiliconLabs
                    -/SimplicityStudio/v3/developer/sdks/si8051/v3//Device/EFM8LB1/peripheral_driver/inc) PRINT(.\mcu_sal_lib\mcu_sal_log.lst
                    -) COND PAGEWIDTH(120) PAGELENGTH(65) OBJECT(.\mcu_sal_lib\mcu_sal_log.OBJ)

line level    source

   1          #include "mcu_sal.h"
   2          
   3          #ifdef MCU_LOG_MODULE_ENABLED
   4          
   5          static char  *_log = NULL;
   6          
   7          /*
   8           * _log[0] 保存log的长度
   9           * 从_log[1] 开始保存log内容
  10           * */
  11          void log_init(char *log)
  12          {
  13   1              ASSERT(log);
  14   1              _log = log;
  15   1              memset((void *)_log, 0, LOG_RAM_SIZE);
  16   1              _log[0] = 1;
  17   1      }
  18          
  19          /*
  20           * log_clear这个动作在哪里触发？
  21           * 1.向_log[0]写1，这种实现方式比较简单，不依赖任何其他的功能模块
  22           * 2.放入到debug命令中，这种实现方式需要依赖i2c从设备实现了debug功能模块
  23           */
  24          void log_clear()
  25          {
  26   1              ASSERT(_log);
  27   1              memset((void *)_log, 0, LOG_RAM_SIZE);
  28   1              _log[0] = 1;
  29   1      }
  30          
  31          void log_save(char *fmt,...)
  32          {
  33   1              char str[LOG_RAM_SIZE] = {0};
  34   1              uint8_t len = 0;
  35   1              va_list ap;
  36   1      
  37   1              ASSERT(_log);
  38   1      
  39   1              va_start(ap,fmt);
  40   1              vsprintf(str,fmt,ap);
  41   1              va_end(ap);
  42   1              len = strlen(str);
  43   1      
  44   1              if ((_log[0] + len) >= LOG_RAM_SIZE)
  45   1                      return;
  46   1      
  47   1              strcpy(&_log[_log[0]], str);
  48   1              _log[0] += len;
C51 COMPILER V9.53.0.0   MCU_SAL_LOG                                                       10/14/2019 10:20:37 PAGE 2   

  49   1      }
  50          
  51          
  52          #endif


MODULE INFORMATION:   STATIC OVERLAYABLE
   CODE SIZE        =    352    ----
   CONSTANT SIZE    =    128    ----
   XDATA SIZE       =      3     178
   PDATA SIZE       =   ----    ----
   DATA SIZE        =   ----    ----
   IDATA SIZE       =   ----    ----
   BIT SIZE         =   ----    ----
   EDATA SIZE       =   ----    ----
   HDATA SIZE       =   ----    ----
   XDATA CONST SIZE =   ----    ----
   FAR CONST SIZE   =   ----    ----
END OF MODULE INFORMATION.


C51 COMPILATION COMPLETE.  0 WARNING(S),  0 ERROR(S)
