C51 COMPILER V9.53.0.0   ASSERT                                                            10/09/2019 13:50:52 PAGE 1   


C51 COMPILER V9.53.0.0, COMPILATION OF MODULE ASSERT
OBJECT MODULE PLACED IN .\lib\efm8_assert\assert.OBJ
COMPILER INVOKED BY: c:\SiliconLabs\SimplicityStudio\v3\developer\toolchains\keil_8051\9.53\BIN\C51.exe D:\Work Project\
                    -SingleChipWorkSpaveNew\C51_UBOOT\lib\efm8_assert\assert.c OMF2 LARGE DEBUG OBJECTEXTEND ROM(LARGE) WARNINGLEVEL(2) FLOAT
                    -FUZZY(3) OPTIMIZE(9,SPEED) DEFINE(NDEBUG=1) INTVECTOR(0X0000) INTPROMOTE INCDIR(D:/Work Project/SingleChipWorkSpaveNew/C
                    -51_UBOOT/inc;D:/Work Project/SingleChipWorkSpaveNew/C51_UBOOT/mcu_sal_lib;C:/SiliconLabs/SimplicityStudio/v3/developer/s
                    -dks/si8051/v3//Device/shared/si8051Base;C:/SiliconLabs/SimplicityStudio/v3/developer/sdks/si8051/v3//Device/EFM8LB1;C:/S
                    -iliconLabs/SimplicityStudio/v3/developer/sdks/si8051/v3//Device/EFM8LB1/inc;C:/SiliconLabs/SimplicityStudio/v3/developer
                    -/sdks/si8051/v3//Lib/efm8_assert;C:/SiliconLabs/SimplicityStudio/v3/developer/sdks/si8051/v3//Device/EFM8LB1/peripheral_
                    -driver/inc) REGFILE(C51_UBOOT.ORC) PRINT(.\lib\efm8_assert\assert.lst) COND PAGEWIDTH(120) PAGELENGTH(65) OBJECT(.\lib\e
                    -fm8_assert\assert.OBJ)

line level    source

   1          /**************************************************************************//**
   2           * Copyright (c) 2015 by Silicon Laboratories Inc. All rights reserved.
   3           *
   4           * http://developer.silabs.com/legal/version/v11/Silicon_Labs_Software_License_Agreement.txt
   5           *****************************************************************************/
   6          
   7          #ifndef NDEBUG
              void slab_Assert( const char * file, int line )
              {
                file = file;
                line = line;
              
                while ( 1 );
              }
              #endif


MODULE INFORMATION:   STATIC OVERLAYABLE
   CODE SIZE        =   ----    ----
   CONSTANT SIZE    =   ----    ----
   XDATA SIZE       =   ----    ----
   PDATA SIZE       =   ----    ----
   DATA SIZE        =   ----    ----
   IDATA SIZE       =   ----    ----
   BIT SIZE         =   ----    ----
   EDATA SIZE       =   ----    ----
   HDATA SIZE       =   ----    ----
   XDATA CONST SIZE =   ----    ----
   FAR CONST SIZE   =   ----    ----
END OF MODULE INFORMATION.


C51 COMPILATION COMPLETE.  0 WARNING(S),  0 ERROR(S)
