C51 COMPILER V9.53.0.0   DAC_0                                                             10/09/2019 13:50:47 PAGE 1   


C51 COMPILER V9.53.0.0, COMPILATION OF MODULE DAC_0
OBJECT MODULE PLACED IN .\lib\efm8lb1\peripheralDrivers\src\dac_0.OBJ
COMPILER INVOKED BY: c:\SiliconLabs\SimplicityStudio\v3\developer\toolchains\keil_8051\9.53\BIN\C51.exe D:\Work Project\
                    -SingleChipWorkSpaveNew\C51_UBOOT\lib\efm8lb1\peripheralDrivers\src\dac_0.c OMF2 LARGE DEBUG OBJECTEXTEND ROM(LARGE) WARN
                    -INGLEVEL(2) FLOATFUZZY(3) OPTIMIZE(9,SPEED) DEFINE(NDEBUG=1) INTVECTOR(0X0000) INTPROMOTE INCDIR(D:/Work Project/SingleC
                    -hipWorkSpaveNew/C51_UBOOT/inc;D:/Work Project/SingleChipWorkSpaveNew/C51_UBOOT/mcu_sal_lib;C:/SiliconLabs/SimplicityStud
                    -io/v3/developer/sdks/si8051/v3//Device/shared/si8051Base;C:/SiliconLabs/SimplicityStudio/v3/developer/sdks/si8051/v3//De
                    -vice/EFM8LB1;C:/SiliconLabs/SimplicityStudio/v3/developer/sdks/si8051/v3//Device/EFM8LB1/inc;C:/SiliconLabs/SimplicitySt
                    -udio/v3/developer/sdks/si8051/v3//Lib/efm8_assert;C:/SiliconLabs/SimplicityStudio/v3/developer/sdks/si8051/v3//Device/EF
                    -M8LB1/peripheral_driver/inc) REGFILE(C51_UBOOT.ORC) PRINT(.\lib\efm8lb1\peripheralDrivers\src\dac_0.lst) COND PAGEWIDTH(
                    -120) PAGELENGTH(65) OBJECT(.\lib\efm8lb1\peripheralDrivers\src\dac_0.OBJ)

line level    source

   1          /**************************************************************************//**
   2           * Copyright (c) 2015 by Silicon Laboratories Inc. All rights reserved.
   3           *
   4           * http://developer.silabs.com/legal/version/v11/Silicon_Labs_Software_License_Agreement.txt
   5           *****************************************************************************/
   6          
   7          #include "dac_0.h"
   8          
   9          #if EFM8PDL_DAC0_AUTO_PAGE == 1
  10          // declare variable needed for autopage enter/exit
  11          #define DECL_PAGE uint8_t savedPage
  12          // enter autopage section
  13          #define SET_PAGE(p)     do                                                    \
  14                                  {                                                     \
  15                                    savedPage = SFRPAGE;  /* save current SFR page */   \
  16                                    SFRPAGE = (p);        /* set SFR page */            \
  17                                  } while(0)
  18          // exit autopage section
  19          #define RESTORE_PAGE    do                                                    \
  20                                  {                                                     \
  21                                    SFRPAGE = savedPage;  /* restore saved SFR page */  \
  22                                  } while(0)
  23          #else
              #define DECL_PAGE
              #define SET_PAGE(p)
              #define RESTORE_PAGE
              #endif
  28          
  29          #define SFRPAGE_DAC0 (0x30)
  30          
  31          #if EFM8PDL_DAC0_USE_INIT == 1
  32          void DAC0_init(DAC0_UpdateTrigger_t trigger)
  33          {
  34   1        DECL_PAGE;
  35   1        SET_PAGE(SFRPAGE_DAC0);
  36   1      
  37   1        // DAC0/1 VREF == VDD
  38   1        DACGCF0_D01REFSL = 1;
  39   1      
  40   1        // DAC0/1 VREF Buffer Attenuation / Gain = 2.0/2.0
  41   1        DACGCF2 = (DACGCF2 & ~DACGCF2_D01REFGN__FMASK) | DACGCF2_D01REFGN__ATTEN_2P0;
  42   1        DAC0CF0 = trigger;
  43   1        DAC0CF1 = DAC0CF1_DRVGAIN__GAIN_2P0;
  44   1      
  45   1        DAC0_holdOutput(false);
  46   1        DAC0_enable();
  47   1        RESTORE_PAGE;
  48   1      }
C51 COMPILER V9.53.0.0   DAC_0                                                             10/09/2019 13:50:47 PAGE 2   

  49          #endif
  50          
  51          void DAC0_enable(void)
  52          {
  53   1        DECL_PAGE;
  54   1        SET_PAGE(SFRPAGE_DAC0);
  55   1        DAC0CF0 |=  DAC0CF0_EN__ENABLE;
  56   1        RESTORE_PAGE;
  57   1      }
  58          
  59          void DAC0_disable(void)
  60          {
  61   1        DECL_PAGE;
  62   1        SET_PAGE(SFRPAGE_DAC0);
  63   1        DAC0CF0 &= ~DAC0CF0_EN__BMASK;
  64   1        RESTORE_PAGE;
  65   1      }
  66          
  67          void DAC0_setOutput(uint16_t value)
  68          {
  69   1        DECL_PAGE;
  70   1        SET_PAGE(SFRPAGE_DAC0);
  71   1        // MUST load DAC0L first!
  72   1        DAC0L = value & 0xFF;
  73   1        DAC0H = value >> 8;
  74   1        RESTORE_PAGE;
  75   1      }
  76          
  77          void DAC0_holdOutput(bool hold)
  78          {
  79   1        DECL_PAGE;
  80   1        SET_PAGE(SFRPAGE_DAC0);
  81   1        DACGCF1_D0UDIS = hold;
  82   1        RESTORE_PAGE;
  83   1      }
  84          
  85          uint16_t DAC0_getOutput(void)
  86          {
  87   1        uint16_t value;
  88   1        DECL_PAGE;
  89   1        SET_PAGE(SFRPAGE_DAC0);
  90   1        value = (DAC0H <<8) | (DAC0L & 0xFF);
  91   1        RESTORE_PAGE;
  92   1        return value;
  93   1      }


MODULE INFORMATION:   STATIC OVERLAYABLE
   CODE SIZE        =    101    ----
   CONSTANT SIZE    =   ----    ----
   XDATA SIZE       =   ----       1
   PDATA SIZE       =   ----    ----
   DATA SIZE        =   ----    ----
   IDATA SIZE       =   ----    ----
   BIT SIZE         =   ----       1
   EDATA SIZE       =   ----    ----
   HDATA SIZE       =   ----    ----
   XDATA CONST SIZE =   ----    ----
   FAR CONST SIZE   =   ----    ----
END OF MODULE INFORMATION.


C51 COMPILATION COMPLETE.  0 WARNING(S),  0 ERROR(S)
